<?xml version="1.0" encoding="UTF-8"?>
<!-- Generated by org.testng.reporters.JUnitReportReporter -->
<testsuite skipped="0" hostname="LAPTOP-HM1T5LP7" name="testmaven.TestMavenTest" tests="1" failures="0" timestamp="2021-04-14T19:49:02 IST" time="0.010" errors="0">
  <testcase name="FirstTest" time="0.010" classname="testmaven.TestMavenTest"/>
  <system-out/>
</testsuite> <!-- testmaven.TestMavenTest -->
